<?xml version="1.0" encoding="utf-8"?><testsuites name="pytest tests"><testsuite name="pytest" errors="0" failures="0" skipped="0" tests="8" time="1.058" timestamp="2026-04-06T11:04:54.875714+00:00" hostname="agent-env-32aacd02-cced-408e-95c7-0910e4afb864"><testcase classname="backend.tests.test_iteration3.TestLeadsAPI" name="test_api_root_endpoint" time="0.199" /><testcase classname="backend.tests.test_iteration3.TestLeadsAPI" name="test_create_lead_from_service_area_page" time="0.107" /><testcase classname="backend.tests.test_iteration3.TestLeadsAPI" name="test_create_lead_minimal_fields" time="0.097" /><testcase classname="backend.tests.test_iteration3.TestLeadsAPI" name="test_create_lead_atlantic_beach_area" time="0.103" /><testcase classname="backend.tests.test_iteration3.TestAdminAPI" name="test_admin_login_valid" time="0.095" /><testcase classname="backend.tests.test_iteration3.TestAdminAPI" name="test_admin_login_invalid" time="0.096" /><testcase classname="backend.tests.test_iteration3.TestAdminAPI" name="test_admin_get_leads" time="0.099" /><testcase classname="backend.tests.test_iteration3.TestAdminAPI" name="test_admin_get_stats" time="0.106" /></testsuite></testsuites>